
> apple-pass@0.1.0 dev
> next dev

   ▲ Next.js 15.3.1
   - Local:        http://localhost:3000
   - Network:      http://192.168.68.52:3000
   - Environments: .env.local

 ✓ Starting...
 ✓ Ready in 1138ms
 ✓ Compiled /middleware in 254ms (164 modules)
 ○ Compiling /dashboard/browse ...
 ✓ Compiled /dashboard/browse in 4.6s (3808 modules)
 GET /dashboard/browse 200 in 6450ms
 ○ Compiling /api/auth/[...all] ...
 ✓ Compiled /api/auth/[...all] in 876ms (2662 modules)
 ✓ Compiled in 268ms (1163 modules)
 GET /favicon.ico 200 in 1664ms
 GET /dashboard/browse 200 in 46ms
 GET /api/filter-sets 200 in 1737ms
 GET /favicon.ico 200 in 47ms
 GET /api/auth/get-session 200 in 2424ms
 GET /api/auth/get-session 200 in 93ms
 GET /dashboard/browse 200 in 394ms
 GET /favicon.ico 200 in 50ms
 GET /dashboard/browse 200 in 102ms
 ○ Compiling /_not-found ...
 ✓ Compiled /_not-found in 514ms (3815 modules)
 GET /.well-known/appspecific/com.chrome.devtools.json 404 in 593ms
